<?xml version="1.0" encoding="UTF-8"?>
<testsuite name="KotlinBasic01" tests="1" skipped="0" failures="0" errors="0" timestamp="2022-03-09T09:21:25" hostname="jongpil-won" time="0.028">
  <properties/>
  <testcase name="생성자로 Pair만들기()" classname="KotlinBasic01" time="0.028"/>
  <system-out><![CDATA[]]></system-out>
  <system-err><![CDATA[]]></system-err>
</testsuite>
